{
  "C:\\Dronfies\\Dev\\uss\\ades\\src\\libs\\SaferSanctuary.js": {
    "path": "C:\\Dronfies\\Dev\\uss\\ades\\src\\libs\\SaferSanctuary.js",
    "statementMap": {
      "0": {
        "start": {
          "line": 10,
          "column": 4
        },
        "end": {
          "line": 10,
          "column": 59
        }
      },
      "1": {
        "start": {
          "line": 21,
          "column": 4
        },
        "end": {
          "line": 27,
          "column": 29
        }
      },
      "2": {
        "start": {
          "line": 23,
          "column": 16
        },
        "end": {
          "line": 24,
          "column": 73
        }
      },
      "3": {
        "start": {
          "line": 24,
          "column": 20
        },
        "end": {
          "line": 24,
          "column": 73
        }
      },
      "4": {
        "start": {
          "line": 26,
          "column": 16
        },
        "end": {
          "line": 27,
          "column": 29
        }
      },
      "5": {
        "start": {
          "line": 27,
          "column": 20
        },
        "end": {
          "line": 27,
          "column": 29
        }
      },
      "6": {
        "start": {
          "line": 31,
          "column": 4
        },
        "end": {
          "line": 38,
          "column": 27
        }
      },
      "7": {
        "start": {
          "line": 33,
          "column": 12
        },
        "end": {
          "line": 34,
          "column": 24
        }
      },
      "8": {
        "start": {
          "line": 34,
          "column": 16
        },
        "end": {
          "line": 34,
          "column": 24
        }
      },
      "9": {
        "start": {
          "line": 37,
          "column": 12
        },
        "end": {
          "line": 38,
          "column": 27
        }
      },
      "10": {
        "start": {
          "line": 38,
          "column": 16
        },
        "end": {
          "line": 38,
          "column": 27
        }
      },
      "11": {
        "start": {
          "line": 42,
          "column": 4
        },
        "end": {
          "line": 44,
          "column": 13
        }
      },
      "12": {
        "start": {
          "line": 48,
          "column": 4
        },
        "end": {
          "line": 48,
          "column": 83
        }
      },
      "13": {
        "start": {
          "line": 57,
          "column": 4
        },
        "end": {
          "line": 57,
          "column": 36
        }
      }
    },
    "fnMap": {
      "0": {
        "name": "_",
        "decl": {
          "start": {
            "line": 9,
            "column": 9
          },
          "end": {
            "line": 9,
            "column": 10
          }
        },
        "loc": {
          "start": {
            "line": 9,
            "column": 18
          },
          "end": {
            "line": 11,
            "column": 1
          }
        },
        "line": 9
      },
      "1": {
        "name": "mapValues",
        "decl": {
          "start": {
            "line": 20,
            "column": 9
          },
          "end": {
            "line": 20,
            "column": 18
          }
        },
        "loc": {
          "start": {
            "line": 20,
            "column": 29
          },
          "end": {
            "line": 28,
            "column": 1
          }
        },
        "line": 20
      },
      "2": {
        "name": "(anonymous_2)",
        "decl": {
          "start": {
            "line": 22,
            "column": 12
          },
          "end": {
            "line": 22,
            "column": 13
          }
        },
        "loc": {
          "start": {
            "line": 23,
            "column": 16
          },
          "end": {
            "line": 24,
            "column": 73
          }
        },
        "line": 23
      },
      "3": {
        "name": "(anonymous_3)",
        "decl": {
          "start": {
            "line": 23,
            "column": 16
          },
          "end": {
            "line": 23,
            "column": 17
          }
        },
        "loc": {
          "start": {
            "line": 24,
            "column": 20
          },
          "end": {
            "line": 24,
            "column": 73
          }
        },
        "line": 24
      },
      "4": {
        "name": "(anonymous_4)",
        "decl": {
          "start": {
            "line": 25,
            "column": 14
          },
          "end": {
            "line": 25,
            "column": 15
          }
        },
        "loc": {
          "start": {
            "line": 26,
            "column": 16
          },
          "end": {
            "line": 27,
            "column": 29
          }
        },
        "line": 26
      },
      "5": {
        "name": "(anonymous_5)",
        "decl": {
          "start": {
            "line": 26,
            "column": 16
          },
          "end": {
            "line": 26,
            "column": 17
          }
        },
        "loc": {
          "start": {
            "line": 27,
            "column": 20
          },
          "end": {
            "line": 27,
            "column": 29
          }
        },
        "line": 27
      },
      "6": {
        "name": "maybeShow",
        "decl": {
          "start": {
            "line": 30,
            "column": 9
          },
          "end": {
            "line": 30,
            "column": 18
          }
        },
        "loc": {
          "start": {
            "line": 30,
            "column": 26
          },
          "end": {
            "line": 39,
            "column": 1
          }
        },
        "line": 30
      },
      "7": {
        "name": "(anonymous_7)",
        "decl": {
          "start": {
            "line": 32,
            "column": 8
          },
          "end": {
            "line": 32,
            "column": 9
          }
        },
        "loc": {
          "start": {
            "line": 33,
            "column": 12
          },
          "end": {
            "line": 34,
            "column": 24
          }
        },
        "line": 33
      },
      "8": {
        "name": "(anonymous_8)",
        "decl": {
          "start": {
            "line": 33,
            "column": 12
          },
          "end": {
            "line": 33,
            "column": 13
          }
        },
        "loc": {
          "start": {
            "line": 34,
            "column": 16
          },
          "end": {
            "line": 34,
            "column": 24
          }
        },
        "line": 34
      },
      "9": {
        "name": "(anonymous_9)",
        "decl": {
          "start": {
            "line": 36,
            "column": 8
          },
          "end": {
            "line": 36,
            "column": 9
          }
        },
        "loc": {
          "start": {
            "line": 37,
            "column": 12
          },
          "end": {
            "line": 38,
            "column": 27
          }
        },
        "line": 37
      },
      "10": {
        "name": "(anonymous_10)",
        "decl": {
          "start": {
            "line": 37,
            "column": 12
          },
          "end": {
            "line": 37,
            "column": 13
          }
        },
        "loc": {
          "start": {
            "line": 38,
            "column": 16
          },
          "end": {
            "line": 38,
            "column": 27
          }
        },
        "line": 38
      },
      "11": {
        "name": "maybeValues",
        "decl": {
          "start": {
            "line": 41,
            "column": 9
          },
          "end": {
            "line": 41,
            "column": 20
          }
        },
        "loc": {
          "start": {
            "line": 41,
            "column": 38
          },
          "end": {
            "line": 45,
            "column": 1
          }
        },
        "line": 41
      },
      "12": {
        "name": "u",
        "decl": {
          "start": {
            "line": 47,
            "column": 9
          },
          "end": {
            "line": 47,
            "column": 10
          }
        },
        "loc": {
          "start": {
            "line": 47,
            "column": 18
          },
          "end": {
            "line": 49,
            "column": 1
          }
        },
        "line": 47
      },
      "13": {
        "name": "fM",
        "decl": {
          "start": {
            "line": 56,
            "column": 9
          },
          "end": {
            "line": 56,
            "column": 11
          }
        },
        "loc": {
          "start": {
            "line": 56,
            "column": 19
          },
          "end": {
            "line": 58,
            "column": 1
          }
        },
        "line": 56
      }
    },
    "branchMap": {
      "0": {
        "loc": {
          "start": {
            "line": 10,
            "column": 11
          },
          "end": {
            "line": 10,
            "column": 58
          }
        },
        "type": "cond-expr",
        "locations": [
          {
            "start": {
              "line": 10,
              "column": 29
            },
            "end": {
              "line": 10,
              "column": 53
            }
          },
          {
            "start": {
              "line": 10,
              "column": 56
            },
            "end": {
              "line": 10,
              "column": 58
            }
          }
        ],
        "line": 10
      },
      "1": {
        "loc": {
          "start": {
            "line": 21,
            "column": 11
          },
          "end": {
            "line": 27,
            "column": 29
          }
        },
        "type": "cond-expr",
        "locations": [
          {
            "start": {
              "line": 22,
              "column": 12
            },
            "end": {
              "line": 24,
              "column": 73
            }
          },
          {
            "start": {
              "line": 25,
              "column": 14
            },
            "end": {
              "line": 27,
              "column": 29
            }
          }
        ],
        "line": 21
      },
      "2": {
        "loc": {
          "start": {
            "line": 31,
            "column": 11
          },
          "end": {
            "line": 38,
            "column": 27
          }
        },
        "type": "cond-expr",
        "locations": [
          {
            "start": {
              "line": 32,
              "column": 8
            },
            "end": {
              "line": 34,
              "column": 24
            }
          },
          {
            "start": {
              "line": 36,
              "column": 8
            },
            "end": {
              "line": 38,
              "column": 27
            }
          }
        ],
        "line": 31
      },
      "3": {
        "loc": {
          "start": {
            "line": 42,
            "column": 11
          },
          "end": {
            "line": 44,
            "column": 12
          }
        },
        "type": "cond-expr",
        "locations": [
          {
            "start": {
              "line": 43,
              "column": 8
            },
            "end": {
              "line": 43,
              "column": 52
            }
          },
          {
            "start": {
              "line": 44,
              "column": 10
            },
            "end": {
              "line": 44,
              "column": 12
            }
          }
        ],
        "line": 42
      },
      "4": {
        "loc": {
          "start": {
            "line": 48,
            "column": 11
          },
          "end": {
            "line": 48,
            "column": 82
          }
        },
        "type": "cond-expr",
        "locations": [
          {
            "start": {
              "line": 48,
              "column": 46
            },
            "end": {
              "line": 48,
              "column": 70
            }
          },
          {
            "start": {
              "line": 48,
              "column": 73
            },
            "end": {
              "line": 48,
              "column": 82
            }
          }
        ],
        "line": 48
      },
      "5": {
        "loc": {
          "start": {
            "line": 48,
            "column": 11
          },
          "end": {
            "line": 48,
            "column": 43
          }
        },
        "type": "binary-expr",
        "locations": [
          {
            "start": {
              "line": 48,
              "column": 11
            },
            "end": {
              "line": 48,
              "column": 24
            }
          },
          {
            "start": {
              "line": 48,
              "column": 28
            },
            "end": {
              "line": 48,
              "column": 43
            }
          }
        ],
        "line": 48
      }
    },
    "s": {
      "0": 0,
      "1": 0,
      "2": 0,
      "3": 0,
      "4": 0,
      "5": 0,
      "6": 0,
      "7": 0,
      "8": 0,
      "9": 0,
      "10": 0,
      "11": 0,
      "12": 0,
      "13": 0
    },
    "f": {
      "0": 0,
      "1": 0,
      "2": 0,
      "3": 0,
      "4": 0,
      "5": 0,
      "6": 0,
      "7": 0,
      "8": 0,
      "9": 0,
      "10": 0,
      "11": 0,
      "12": 0,
      "13": 0
    },
    "b": {
      "0": [
        0,
        0
      ],
      "1": [
        0,
        0
      ],
      "2": [
        0,
        0
      ],
      "3": [
        0,
        0
      ],
      "4": [
        0,
        0
      ],
      "5": [
        0,
        0
      ]
    },
    "_coverageSchema": "43e27e138ebf9cfc5966b082cf9a028302ed4184",
    "hash": "42fd14510ef5f63f94e9af5d23c8b37869a41b63"
  },
  "C:\\Dronfies\\Dev\\uss\\ades\\src\\libs\\wise-leaflet-pip.js": {
    "path": "C:\\Dronfies\\Dev\\uss\\ades\\src\\libs\\wise-leaflet-pip.js",
    "statementMap": {
      "0": {
        "start": {
          "line": 46,
          "column": 0
        },
        "end": {
          "line": 164,
          "column": 6
        }
      },
      "1": {
        "start": {
          "line": 57,
          "column": 4
        },
        "end": {
          "line": 67,
          "column": 6
        }
      },
      "2": {
        "start": {
          "line": 59,
          "column": 32
        },
        "end": {
          "line": 59,
          "column": 48
        }
      },
      "3": {
        "start": {
          "line": 61,
          "column": 8
        },
        "end": {
          "line": 66,
          "column": 9
        }
      },
      "4": {
        "start": {
          "line": 62,
          "column": 12
        },
        "end": {
          "line": 62,
          "column": 42
        }
      },
      "5": {
        "start": {
          "line": 63,
          "column": 12
        },
        "end": {
          "line": 63,
          "column": 30
        }
      },
      "6": {
        "start": {
          "line": 65,
          "column": 12
        },
        "end": {
          "line": 65,
          "column": 25
        }
      },
      "7": {
        "start": {
          "line": 81,
          "column": 4
        },
        "end": {
          "line": 84,
          "column": 6
        }
      },
      "8": {
        "start": {
          "line": 82,
          "column": 8
        },
        "end": {
          "line": 83,
          "column": 59
        }
      },
      "9": {
        "start": {
          "line": 104,
          "column": 4
        },
        "end": {
          "line": 162,
          "column": 6
        }
      },
      "10": {
        "start": {
          "line": 112,
          "column": 12
        },
        "end": {
          "line": 115,
          "column": 21
        }
      },
      "11": {
        "start": {
          "line": 113,
          "column": 20
        },
        "end": {
          "line": 113,
          "column": 81
        }
      },
      "12": {
        "start": {
          "line": 116,
          "column": 12
        },
        "end": {
          "line": 116,
          "column": 24
        }
      },
      "13": {
        "start": {
          "line": 119,
          "column": 8
        },
        "end": {
          "line": 119,
          "column": 37
        }
      },
      "14": {
        "start": {
          "line": 120,
          "column": 8
        },
        "end": {
          "line": 120,
          "column": 37
        }
      },
      "15": {
        "start": {
          "line": 122,
          "column": 8
        },
        "end": {
          "line": 128,
          "column": 11
        }
      },
      "16": {
        "start": {
          "line": 123,
          "column": 12
        },
        "end": {
          "line": 127,
          "column": 13
        }
      },
      "17": {
        "start": {
          "line": 124,
          "column": 16
        },
        "end": {
          "line": 124,
          "column": 29
        }
      },
      "18": {
        "start": {
          "line": 126,
          "column": 16
        },
        "end": {
          "line": 126,
          "column": 28
        }
      },
      "19": {
        "start": {
          "line": 129,
          "column": 8
        },
        "end": {
          "line": 129,
          "column": 28
        }
      },
      "20": {
        "start": {
          "line": 131,
          "column": 8
        },
        "end": {
          "line": 133,
          "column": 9
        }
      },
      "21": {
        "start": {
          "line": 132,
          "column": 12
        },
        "end": {
          "line": 132,
          "column": 39
        }
      },
      "22": {
        "start": {
          "line": 134,
          "column": 8
        },
        "end": {
          "line": 134,
          "column": 32
        }
      },
      "23": {
        "start": {
          "line": 135,
          "column": 8
        },
        "end": {
          "line": 135,
          "column": 15
        }
      },
      "24": {
        "start": {
          "line": 136,
          "column": 8
        },
        "end": {
          "line": 160,
          "column": 9
        }
      },
      "25": {
        "start": {
          "line": 137,
          "column": 12
        },
        "end": {
          "line": 137,
          "column": 62
        }
      },
      "26": {
        "start": {
          "line": 138,
          "column": 12
        },
        "end": {
          "line": 159,
          "column": 13
        }
      },
      "27": {
        "start": {
          "line": 139,
          "column": 16
        },
        "end": {
          "line": 139,
          "column": 23
        }
      },
      "28": {
        "start": {
          "line": 140,
          "column": 16
        },
        "end": {
          "line": 140,
          "column": 22
        }
      },
      "29": {
        "start": {
          "line": 142,
          "column": 16
        },
        "end": {
          "line": 158,
          "column": 17
        }
      },
      "30": {
        "start": {
          "line": 143,
          "column": 20
        },
        "end": {
          "line": 155,
          "column": 21
        }
      },
      "31": {
        "start": {
          "line": 144,
          "column": 24
        },
        "end": {
          "line": 148,
          "column": 25
        }
      },
      "32": {
        "start": {
          "line": 145,
          "column": 28
        },
        "end": {
          "line": 147,
          "column": 29
        }
      },
      "33": {
        "start": {
          "line": 146,
          "column": 32
        },
        "end": {
          "line": 146,
          "column": 37
        }
      },
      "34": {
        "start": {
          "line": 150,
          "column": 24
        },
        "end": {
          "line": 154,
          "column": 25
        }
      },
      "35": {
        "start": {
          "line": 151,
          "column": 28
        },
        "end": {
          "line": 153,
          "column": 29
        }
      },
      "36": {
        "start": {
          "line": 152,
          "column": 32
        },
        "end": {
          "line": 152,
          "column": 37
        }
      },
      "37": {
        "start": {
          "line": 157,
          "column": 20
        },
        "end": {
          "line": 157,
          "column": 25
        }
      },
      "38": {
        "start": {
          "line": 161,
          "column": 8
        },
        "end": {
          "line": 161,
          "column": 18
        }
      }
    },
    "fnMap": {
      "0": {
        "name": "(anonymous_0)",
        "decl": {
          "start": {
            "line": 46,
            "column": 1
          },
          "end": {
            "line": 46,
            "column": 2
          }
        },
        "loc": {
          "start": {
            "line": 46,
            "column": 13
          },
          "end": {
            "line": 164,
            "column": 1
          }
        },
        "line": 46
      },
      "1": {
        "name": "(anonymous_1)",
        "decl": {
          "start": {
            "line": 57,
            "column": 36
          },
          "end": {
            "line": 57,
            "column": 37
          }
        },
        "loc": {
          "start": {
            "line": 57,
            "column": 49
          },
          "end": {
            "line": 67,
            "column": 5
          }
        },
        "line": 57
      },
      "2": {
        "name": "(anonymous_2)",
        "decl": {
          "start": {
            "line": 81,
            "column": 32
          },
          "end": {
            "line": 81,
            "column": 33
          }
        },
        "loc": {
          "start": {
            "line": 81,
            "column": 50
          },
          "end": {
            "line": 84,
            "column": 5
          }
        },
        "line": 81
      },
      "3": {
        "name": "(anonymous_3)",
        "decl": {
          "start": {
            "line": 104,
            "column": 44
          },
          "end": {
            "line": 104,
            "column": 45
          }
        },
        "loc": {
          "start": {
            "line": 104,
            "column": 57
          },
          "end": {
            "line": 162,
            "column": 5
          }
        },
        "line": 104
      },
      "4": {
        "name": "flatten",
        "decl": {
          "start": {
            "line": 110,
            "column": 17
          },
          "end": {
            "line": 110,
            "column": 24
          }
        },
        "loc": {
          "start": {
            "line": 110,
            "column": 28
          },
          "end": {
            "line": 117,
            "column": 9
          }
        },
        "line": 110
      },
      "5": {
        "name": "(anonymous_5)",
        "decl": {
          "start": {
            "line": 112,
            "column": 86
          },
          "end": {
            "line": 112,
            "column": 87
          }
        },
        "loc": {
          "start": {
            "line": 112,
            "column": 122
          },
          "end": {
            "line": 114,
            "column": 17
          }
        },
        "line": 112
      },
      "6": {
        "name": "(anonymous_6)",
        "decl": {
          "start": {
            "line": 122,
            "column": 35
          },
          "end": {
            "line": 122,
            "column": 36
          }
        },
        "loc": {
          "start": {
            "line": 122,
            "column": 58
          },
          "end": {
            "line": 128,
            "column": 9
          }
        },
        "line": 122
      }
    },
    "branchMap": {
      "0": {
        "loc": {
          "start": {
            "line": 61,
            "column": 8
          },
          "end": {
            "line": 66,
            "column": 9
          }
        },
        "type": "if",
        "locations": [
          {
            "start": {
              "line": 61,
              "column": 8
            },
            "end": {
              "line": 66,
              "column": 9
            }
          },
          {
            "start": {
              "line": 61,
              "column": 8
            },
            "end": {
              "line": 66,
              "column": 9
            }
          }
        ],
        "line": 61
      },
      "1": {
        "loc": {
          "start": {
            "line": 112,
            "column": 20
          },
          "end": {
            "line": 115,
            "column": 19
          }
        },
        "type": "cond-expr",
        "locations": [
          {
            "start": {
              "line": 112,
              "column": 77
            },
            "end": {
              "line": 114,
              "column": 22
            }
          },
          {
            "start": {
              "line": 115,
              "column": 18
            },
            "end": {
              "line": 115,
              "column": 19
            }
          }
        ],
        "line": 112
      },
      "2": {
        "loc": {
          "start": {
            "line": 112,
            "column": 21
          },
          "end": {
            "line": 112,
            "column": 73
          }
        },
        "type": "cond-expr",
        "locations": [
          {
            "start": {
              "line": 112,
              "column": 37
            },
            "end": {
              "line": 112,
              "column": 53
            }
          },
          {
            "start": {
              "line": 112,
              "column": 56
            },
            "end": {
              "line": 112,
              "column": 73
            }
          }
        ],
        "line": 112
      },
      "3": {
        "loc": {
          "start": {
            "line": 113,
            "column": 46
          },
          "end": {
            "line": 113,
            "column": 79
          }
        },
        "type": "cond-expr",
        "locations": [
          {
            "start": {
              "line": 113,
              "column": 65
            },
            "end": {
              "line": 113,
              "column": 75
            }
          },
          {
            "start": {
              "line": 113,
              "column": 78
            },
            "end": {
              "line": 113,
              "column": 79
            }
          }
        ],
        "line": 113
      },
      "4": {
        "loc": {
          "start": {
            "line": 123,
            "column": 12
          },
          "end": {
            "line": 127,
            "column": 13
          }
        },
        "type": "if",
        "locations": [
          {
            "start": {
              "line": 123,
              "column": 12
            },
            "end": {
              "line": 127,
              "column": 13
            }
          },
          {
            "start": {
              "line": 123,
              "column": 12
            },
            "end": {
              "line": 127,
              "column": 13
            }
          }
        ],
        "line": 123
      },
      "5": {
        "loc": {
          "start": {
            "line": 123,
            "column": 16
          },
          "end": {
            "line": 123,
            "column": 77
          }
        },
        "type": "binary-expr",
        "locations": [
          {
            "start": {
              "line": 123,
              "column": 16
            },
            "end": {
              "line": 123,
              "column": 21
            }
          },
          {
            "start": {
              "line": 123,
              "column": 25
            },
            "end": {
              "line": 123,
              "column": 49
            }
          },
          {
            "start": {
              "line": 123,
              "column": 53
            },
            "end": {
              "line": 123,
              "column": 77
            }
          }
        ],
        "line": 123
      },
      "6": {
        "loc": {
          "start": {
            "line": 131,
            "column": 8
          },
          "end": {
            "line": 133,
            "column": 9
          }
        },
        "type": "if",
        "locations": [
          {
            "start": {
              "line": 131,
              "column": 8
            },
            "end": {
              "line": 133,
              "column": 9
            }
          },
          {
            "start": {
              "line": 131,
              "column": 8
            },
            "end": {
              "line": 133,
              "column": 9
            }
          }
        ],
        "line": 131
      },
      "7": {
        "loc": {
          "start": {
            "line": 131,
            "column": 12
          },
          "end": {
            "line": 131,
            "column": 102
          }
        },
        "type": "binary-expr",
        "locations": [
          {
            "start": {
              "line": 131,
              "column": 12
            },
            "end": {
              "line": 131,
              "column": 17
            }
          },
          {
            "start": {
              "line": 131,
              "column": 21
            },
            "end": {
              "line": 131,
              "column": 102
            }
          }
        ],
        "line": 131
      },
      "8": {
        "loc": {
          "start": {
            "line": 131,
            "column": 23
          },
          "end": {
            "line": 131,
            "column": 101
          }
        },
        "type": "binary-expr",
        "locations": [
          {
            "start": {
              "line": 131,
              "column": 23
            },
            "end": {
              "line": 131,
              "column": 60
            }
          },
          {
            "start": {
              "line": 131,
              "column": 64
            },
            "end": {
              "line": 131,
              "column": 101
            }
          }
        ],
        "line": 131
      },
      "9": {
        "loc": {
          "start": {
            "line": 138,
            "column": 12
          },
          "end": {
            "line": 159,
            "column": 13
          }
        },
        "type": "if",
        "locations": [
          {
            "start": {
              "line": 138,
              "column": 12
            },
            "end": {
              "line": 159,
              "column": 13
            }
          },
          {
            "start": {
              "line": 138,
              "column": 12
            },
            "end": {
              "line": 159,
              "column": 13
            }
          }
        ],
        "line": 138
      },
      "10": {
        "loc": {
          "start": {
            "line": 142,
            "column": 16
          },
          "end": {
            "line": 158,
            "column": 17
          }
        },
        "type": "if",
        "locations": [
          {
            "start": {
              "line": 142,
              "column": 16
            },
            "end": {
              "line": 158,
              "column": 17
            }
          },
          {
            "start": {
              "line": 142,
              "column": 16
            },
            "end": {
              "line": 158,
              "column": 17
            }
          }
        ],
        "line": 142
      },
      "11": {
        "loc": {
          "start": {
            "line": 143,
            "column": 20
          },
          "end": {
            "line": 155,
            "column": 21
          }
        },
        "type": "if",
        "locations": [
          {
            "start": {
              "line": 143,
              "column": 20
            },
            "end": {
              "line": 155,
              "column": 21
            }
          },
          {
            "start": {
              "line": 143,
              "column": 20
            },
            "end": {
              "line": 155,
              "column": 21
            }
          }
        ],
        "line": 143
      },
      "12": {
        "loc": {
          "start": {
            "line": 144,
            "column": 24
          },
          "end": {
            "line": 148,
            "column": 25
          }
        },
        "type": "if",
        "locations": [
          {
            "start": {
              "line": 144,
              "column": 24
            },
            "end": {
              "line": 148,
              "column": 25
            }
          },
          {
            "start": {
              "line": 144,
              "column": 24
            },
            "end": {
              "line": 148,
              "column": 25
            }
          }
        ],
        "line": 144
      },
      "13": {
        "loc": {
          "start": {
            "line": 145,
            "column": 28
          },
          "end": {
            "line": 147,
            "column": 29
          }
        },
        "type": "if",
        "locations": [
          {
            "start": {
              "line": 145,
              "column": 28
            },
            "end": {
              "line": 147,
              "column": 29
            }
          },
          {
            "start": {
              "line": 145,
              "column": 28
            },
            "end": {
              "line": 147,
              "column": 29
            }
          }
        ],
        "line": 145
      },
      "14": {
        "loc": {
          "start": {
            "line": 150,
            "column": 24
          },
          "end": {
            "line": 154,
            "column": 25
          }
        },
        "type": "if",
        "locations": [
          {
            "start": {
              "line": 150,
              "column": 24
            },
            "end": {
              "line": 154,
              "column": 25
            }
          },
          {
            "start": {
              "line": 150,
              "column": 24
            },
            "end": {
              "line": 154,
              "column": 25
            }
          }
        ],
        "line": 150
      },
      "15": {
        "loc": {
          "start": {
            "line": 151,
            "column": 28
          },
          "end": {
            "line": 153,
            "column": 29
          }
        },
        "type": "if",
        "locations": [
          {
            "start": {
              "line": 151,
              "column": 28
            },
            "end": {
              "line": 153,
              "column": 29
            }
          },
          {
            "start": {
              "line": 151,
              "column": 28
            },
            "end": {
              "line": 153,
              "column": 29
            }
          }
        ],
        "line": 151
      }
    },
    "s": {
      "0": 2,
      "1": 2,
      "2": 0,
      "3": 0,
      "4": 0,
      "5": 0,
      "6": 0,
      "7": 2,
      "8": 0,
      "9": 2,
      "10": 0,
      "11": 0,
      "12": 0,
      "13": 0,
      "14": 0,
      "15": 0,
      "16": 0,
      "17": 0,
      "18": 0,
      "19": 0,
      "20": 0,
      "21": 0,
      "22": 0,
      "23": 0,
      "24": 0,
      "25": 0,
      "26": 0,
      "27": 0,
      "28": 0,
      "29": 0,
      "30": 0,
      "31": 0,
      "32": 0,
      "33": 0,
      "34": 0,
      "35": 0,
      "36": 0,
      "37": 0,
      "38": 0
    },
    "f": {
      "0": 2,
      "1": 0,
      "2": 0,
      "3": 0,
      "4": 0,
      "5": 0,
      "6": 0
    },
    "b": {
      "0": [
        0,
        0
      ],
      "1": [
        0,
        0
      ],
      "2": [
        0,
        0
      ],
      "3": [
        0,
        0
      ],
      "4": [
        0,
        0
      ],
      "5": [
        0,
        0,
        0
      ],
      "6": [
        0,
        0
      ],
      "7": [
        0,
        0
      ],
      "8": [
        0,
        0
      ],
      "9": [
        0,
        0
      ],
      "10": [
        0,
        0
      ],
      "11": [
        0,
        0
      ],
      "12": [
        0,
        0
      ],
      "13": [
        0,
        0
      ],
      "14": [
        0,
        0
      ],
      "15": [
        0,
        0
      ]
    },
    "_coverageSchema": "43e27e138ebf9cfc5966b082cf9a028302ed4184",
    "hash": "1f3edf56122e3f982c4717c24e0d3a1097ccff48"
  },
  "C:\\Dronfies\\Dev\\uss\\ades\\src\\map\\MapElements.js": {
    "path": "C:\\Dronfies\\Dev\\uss\\ades\\src\\map\\MapElements.js",
    "statementMap": {
      "0": {
        "start": {
          "line": 4,
          "column": 1
        },
        "end": {
          "line": 10,
          "column": 3
        }
      }
    },
    "fnMap": {
      "0": {
        "name": "MapMain",
        "decl": {
          "start": {
            "line": 3,
            "column": 9
          },
          "end": {
            "line": 3,
            "column": 16
          }
        },
        "loc": {
          "start": {
            "line": 3,
            "column": 50
          },
          "end": {
            "line": 11,
            "column": 1
          }
        },
        "line": 3
      }
    },
    "branchMap": {
      "0": {
        "loc": {
          "start": {
            "line": 6,
            "column": 4
          },
          "end": {
            "line": 6,
            "column": 56
          }
        },
        "type": "binary-expr",
        "locations": [
          {
            "start": {
              "line": 6,
              "column": 4
            },
            "end": {
              "line": 6,
              "column": 26
            }
          },
          {
            "start": {
              "line": 6,
              "column": 30
            },
            "end": {
              "line": 6,
              "column": 44
            }
          },
          {
            "start": {
              "line": 6,
              "column": 48
            },
            "end": {
              "line": 6,
              "column": 56
            }
          }
        ],
        "line": 6
      }
    },
    "s": {
      "0": 0
    },
    "f": {
      "0": 0
    },
    "b": {
      "0": [
        0,
        0,
        0
      ]
    },
    "_coverageSchema": "43e27e138ebf9cfc5966b082cf9a028302ed4184",
    "hash": "98f958caddb25db7c0e4652ad7fde9a43e8b20e9"
  },
  "C:\\Dronfies\\Dev\\uss\\ades\\src\\libs\\useGlobalHook.js": {
    "path": "C:\\Dronfies\\Dev\\uss\\ades\\src\\libs\\useGlobalHook.js",
    "statementMap": {
      "0": {
        "start": {
          "line": 2,
          "column": 1
        },
        "end": {
          "line": 2,
          "column": 47
        }
      },
      "1": {
        "start": {
          "line": 3,
          "column": 1
        },
        "end": {
          "line": 5,
          "column": 4
        }
      },
      "2": {
        "start": {
          "line": 4,
          "column": 2
        },
        "end": {
          "line": 4,
          "column": 28
        }
      },
      "3": {
        "start": {
          "line": 6,
          "column": 1
        },
        "end": {
          "line": 6,
          "column": 46
        }
      },
      "4": {
        "start": {
          "line": 10,
          "column": 26
        },
        "end": {
          "line": 10,
          "column": 61
        }
      },
      "5": {
        "start": {
          "line": 11,
          "column": 15
        },
        "end": {
          "line": 11,
          "column": 61
        }
      },
      "6": {
        "start": {
          "line": 12,
          "column": 17
        },
        "end": {
          "line": 15,
          "column": 2
        }
      },
      "7": {
        "start": {
          "line": 13,
          "column": 9
        },
        "end": {
          "line": 13,
          "column": 63
        }
      },
      "8": {
        "start": {
          "line": 17,
          "column": 1
        },
        "end": {
          "line": 35,
          "column": 8
        }
      },
      "9": {
        "start": {
          "line": 18,
          "column": 22
        },
        "end": {
          "line": 18,
          "column": 38
        }
      },
      "10": {
        "start": {
          "line": 19,
          "column": 2
        },
        "end": {
          "line": 27,
          "column": 18
        }
      },
      "11": {
        "start": {
          "line": 21,
          "column": 24
        },
        "end": {
          "line": 21,
          "column": 42
        }
      },
      "12": {
        "start": {
          "line": 22,
          "column": 4
        },
        "end": {
          "line": 25,
          "column": 5
        }
      },
      "13": {
        "start": {
          "line": 23,
          "column": 5
        },
        "end": {
          "line": 23,
          "column": 40
        }
      },
      "14": {
        "start": {
          "line": 24,
          "column": 5
        },
        "end": {
          "line": 24,
          "column": 31
        }
      },
      "15": {
        "start": {
          "line": 28,
          "column": 2
        },
        "end": {
          "line": 28,
          "column": 36
        }
      },
      "16": {
        "start": {
          "line": 29,
          "column": 2
        },
        "end": {
          "line": 29,
          "column": 31
        }
      },
      "17": {
        "start": {
          "line": 30,
          "column": 2
        },
        "end": {
          "line": 34,
          "column": 4
        }
      },
      "18": {
        "start": {
          "line": 31,
          "column": 3
        },
        "end": {
          "line": 33,
          "column": 5
        }
      },
      "19": {
        "start": {
          "line": 32,
          "column": 16
        },
        "end": {
          "line": 32,
          "column": 40
        }
      },
      "20": {
        "start": {
          "line": 36,
          "column": 1
        },
        "end": {
          "line": 36,
          "column": 25
        }
      },
      "21": {
        "start": {
          "line": 40,
          "column": 27
        },
        "end": {
          "line": 40,
          "column": 29
        }
      },
      "22": {
        "start": {
          "line": 41,
          "column": 1
        },
        "end": {
          "line": 48,
          "column": 4
        }
      },
      "23": {
        "start": {
          "line": 42,
          "column": 2
        },
        "end": {
          "line": 44,
          "column": 3
        }
      },
      "24": {
        "start": {
          "line": 43,
          "column": 3
        },
        "end": {
          "line": 43,
          "column": 59
        }
      },
      "25": {
        "start": {
          "line": 45,
          "column": 2
        },
        "end": {
          "line": 47,
          "column": 3
        }
      },
      "26": {
        "start": {
          "line": 46,
          "column": 3
        },
        "end": {
          "line": 46,
          "column": 66
        }
      },
      "27": {
        "start": {
          "line": 49,
          "column": 1
        },
        "end": {
          "line": 49,
          "column": 26
        }
      },
      "28": {
        "start": {
          "line": 52,
          "column": 17
        },
        "end": {
          "line": 58,
          "column": 1
        }
      },
      "29": {
        "start": {
          "line": 53,
          "column": 15
        },
        "end": {
          "line": 53,
          "column": 53
        }
      },
      "30": {
        "start": {
          "line": 54,
          "column": 1
        },
        "end": {
          "line": 54,
          "column": 45
        }
      },
      "31": {
        "start": {
          "line": 55,
          "column": 1
        },
        "end": {
          "line": 55,
          "column": 50
        }
      },
      "32": {
        "start": {
          "line": 56,
          "column": 1
        },
        "end": {
          "line": 56,
          "column": 37
        }
      },
      "33": {
        "start": {
          "line": 56,
          "column": 18
        },
        "end": {
          "line": 56,
          "column": 37
        }
      },
      "34": {
        "start": {
          "line": 57,
          "column": 1
        },
        "end": {
          "line": 57,
          "column": 43
        }
      }
    },
    "fnMap": {
      "0": {
        "name": "setState",
        "decl": {
          "start": {
            "line": 1,
            "column": 9
          },
          "end": {
            "line": 1,
            "column": 17
          }
        },
        "loc": {
          "start": {
            "line": 1,
            "column": 56
          },
          "end": {
            "line": 7,
            "column": 1
          }
        },
        "line": 1
      },
      "1": {
        "name": "(anonymous_1)",
        "decl": {
          "start": {
            "line": 3,
            "column": 25
          },
          "end": {
            "line": 3,
            "column": 26
          }
        },
        "loc": {
          "start": {
            "line": 3,
            "column": 39
          },
          "end": {
            "line": 5,
            "column": 2
          }
        },
        "line": 3
      },
      "2": {
        "name": "useCustom",
        "decl": {
          "start": {
            "line": 9,
            "column": 9
          },
          "end": {
            "line": 9,
            "column": 18
          }
        },
        "loc": {
          "start": {
            "line": 9,
            "column": 55
          },
          "end": {
            "line": 37,
            "column": 1
          }
        },
        "line": 9
      },
      "3": {
        "name": "(anonymous_3)",
        "decl": {
          "start": {
            "line": 13,
            "column": 2
          },
          "end": {
            "line": 13,
            "column": 3
          }
        },
        "loc": {
          "start": {
            "line": 13,
            "column": 9
          },
          "end": {
            "line": 13,
            "column": 63
          }
        },
        "line": 13
      },
      "4": {
        "name": "(anonymous_4)",
        "decl": {
          "start": {
            "line": 17,
            "column": 17
          },
          "end": {
            "line": 17,
            "column": 18
          }
        },
        "loc": {
          "start": {
            "line": 17,
            "column": 23
          },
          "end": {
            "line": 35,
            "column": 2
          }
        },
        "line": 17
      },
      "5": {
        "name": "(anonymous_5)",
        "decl": {
          "start": {
            "line": 20,
            "column": 5
          },
          "end": {
            "line": 20,
            "column": 6
          }
        },
        "loc": {
          "start": {
            "line": 20,
            "column": 17
          },
          "end": {
            "line": 26,
            "column": 4
          }
        },
        "line": 20
      },
      "6": {
        "name": "(anonymous_6)",
        "decl": {
          "start": {
            "line": 30,
            "column": 9
          },
          "end": {
            "line": 30,
            "column": 10
          }
        },
        "loc": {
          "start": {
            "line": 30,
            "column": 15
          },
          "end": {
            "line": 34,
            "column": 3
          }
        },
        "line": 30
      },
      "7": {
        "name": "(anonymous_7)",
        "decl": {
          "start": {
            "line": 32,
            "column": 4
          },
          "end": {
            "line": 32,
            "column": 5
          }
        },
        "loc": {
          "start": {
            "line": 32,
            "column": 16
          },
          "end": {
            "line": 32,
            "column": 40
          }
        },
        "line": 32
      },
      "8": {
        "name": "associateActions",
        "decl": {
          "start": {
            "line": 39,
            "column": 9
          },
          "end": {
            "line": 39,
            "column": 25
          }
        },
        "loc": {
          "start": {
            "line": 39,
            "column": 42
          },
          "end": {
            "line": 50,
            "column": 1
          }
        },
        "line": 39
      },
      "9": {
        "name": "(anonymous_9)",
        "decl": {
          "start": {
            "line": 41,
            "column": 30
          },
          "end": {
            "line": 41,
            "column": 31
          }
        },
        "loc": {
          "start": {
            "line": 41,
            "column": 37
          },
          "end": {
            "line": 48,
            "column": 2
          }
        },
        "line": 41
      },
      "10": {
        "name": "(anonymous_10)",
        "decl": {
          "start": {
            "line": 52,
            "column": 17
          },
          "end": {
            "line": 52,
            "column": 18
          }
        },
        "loc": {
          "start": {
            "line": 52,
            "column": 64
          },
          "end": {
            "line": 58,
            "column": 1
          }
        },
        "line": 52
      }
    },
    "branchMap": {
      "0": {
        "loc": {
          "start": {
            "line": 6,
            "column": 1
          },
          "end": {
            "line": 6,
            "column": 45
          }
        },
        "type": "binary-expr",
        "locations": [
          {
            "start": {
              "line": 6,
              "column": 1
            },
            "end": {
              "line": 6,
              "column": 20
            }
          },
          {
            "start": {
              "line": 6,
              "column": 24
            },
            "end": {
              "line": 6,
              "column": 45
            }
          }
        ],
        "line": 6
      },
      "1": {
        "loc": {
          "start": {
            "line": 11,
            "column": 15
          },
          "end": {
            "line": 11,
            "column": 61
          }
        },
        "type": "cond-expr",
        "locations": [
          {
            "start": {
              "line": 11,
              "column": 26
            },
            "end": {
              "line": 11,
              "column": 47
            }
          },
          {
            "start": {
              "line": 11,
              "column": 50
            },
            "end": {
              "line": 11,
              "column": 61
            }
          }
        ],
        "line": 11
      },
      "2": {
        "loc": {
          "start": {
            "line": 13,
            "column": 9
          },
          "end": {
            "line": 13,
            "column": 63
          }
        },
        "type": "cond-expr",
        "locations": [
          {
            "start": {
              "line": 13,
              "column": 22
            },
            "end": {
              "line": 13,
              "column": 47
            }
          },
          {
            "start": {
              "line": 13,
              "column": 50
            },
            "end": {
              "line": 13,
              "column": 63
            }
          }
        ],
        "line": 13
      },
      "3": {
        "loc": {
          "start": {
            "line": 19,
            "column": 20
          },
          "end": {
            "line": 27,
            "column": 17
          }
        },
        "type": "cond-expr",
        "locations": [
          {
            "start": {
              "line": 20,
              "column": 5
            },
            "end": {
              "line": 26,
              "column": 4
            }
          },
          {
            "start": {
              "line": 27,
              "column": 5
            },
            "end": {
              "line": 27,
              "column": 17
            }
          }
        ],
        "line": 19
      },
      "4": {
        "loc": {
          "start": {
            "line": 22,
            "column": 4
          },
          "end": {
            "line": 25,
            "column": 5
          }
        },
        "type": "if",
        "locations": [
          {
            "start": {
              "line": 22,
              "column": 4
            },
            "end": {
              "line": 25,
              "column": 5
            }
          },
          {
            "start": {
              "line": 22,
              "column": 4
            },
            "end": {
              "line": 25,
              "column": 5
            }
          }
        ],
        "line": 22
      },
      "5": {
        "loc": {
          "start": {
            "line": 42,
            "column": 2
          },
          "end": {
            "line": 44,
            "column": 3
          }
        },
        "type": "if",
        "locations": [
          {
            "start": {
              "line": 42,
              "column": 2
            },
            "end": {
              "line": 44,
              "column": 3
            }
          },
          {
            "start": {
              "line": 42,
              "column": 2
            },
            "end": {
              "line": 44,
              "column": 3
            }
          }
        ],
        "line": 42
      },
      "6": {
        "loc": {
          "start": {
            "line": 45,
            "column": 2
          },
          "end": {
            "line": 47,
            "column": 3
          }
        },
        "type": "if",
        "locations": [
          {
            "start": {
              "line": 45,
              "column": 2
            },
            "end": {
              "line": 47,
              "column": 3
            }
          },
          {
            "start": {
              "line": 45,
              "column": 2
            },
            "end": {
              "line": 47,
              "column": 3
            }
          }
        ],
        "line": 45
      },
      "7": {
        "loc": {
          "start": {
            "line": 56,
            "column": 1
          },
          "end": {
            "line": 56,
            "column": 37
          }
        },
        "type": "if",
        "locations": [
          {
            "start": {
              "line": 56,
              "column": 1
            },
            "end": {
              "line": 56,
              "column": 37
            }
          },
          {
            "start": {
              "line": 56,
              "column": 1
            },
            "end": {
              "line": 56,
              "column": 37
            }
          }
        ],
        "line": 56
      }
    },
    "s": {
      "0": 0,
      "1": 0,
      "2": 0,
      "3": 0,
      "4": 4,
      "5": 4,
      "6": 4,
      "7": 2,
      "8": 4,
      "9": 2,
      "10": 2,
      "11": 0,
      "12": 0,
      "13": 0,
      "14": 0,
      "15": 2,
      "16": 2,
      "17": 2,
      "18": 0,
      "19": 0,
      "20": 4,
      "21": 10,
      "22": 10,
      "23": 22,
      "24": 14,
      "25": 22,
      "26": 8,
      "27": 10,
      "28": 2,
      "29": 2,
      "30": 2,
      "31": 2,
      "32": 2,
      "33": 2,
      "34": 2
    },
    "f": {
      "0": 0,
      "1": 0,
      "2": 4,
      "3": 2,
      "4": 2,
      "5": 0,
      "6": 0,
      "7": 0,
      "8": 10,
      "9": 22,
      "10": 2
    },
    "b": {
      "0": [
        0,
        0
      ],
      "1": [
        0,
        4
      ],
      "2": [
        0,
        2
      ],
      "3": [
        0,
        2
      ],
      "4": [
        0,
        0
      ],
      "5": [
        14,
        8
      ],
      "6": [
        8,
        14
      ],
      "7": [
        2,
        0
      ]
    },
    "_coverageSchema": "43e27e138ebf9cfc5966b082cf9a028302ed4184",
    "hash": "50e276612fa9b5b0a5a8936375e60165c5de399d"
  },
  "C:\\Dronfies\\Dev\\uss\\ades\\src\\consts.js": {
    "path": "C:\\Dronfies\\Dev\\uss\\ades\\src\\consts.js",
    "statementMap": {
      "0": {
        "start": {
          "line": 2,
          "column": 19
        },
        "end": {
          "line": 2,
          "column": 26
        }
      },
      "1": {
        "start": {
          "line": 3,
          "column": 20
        },
        "end": {
          "line": 3,
          "column": 27
        }
      },
      "2": {
        "start": {
          "line": 5,
          "column": 17
        },
        "end": {
          "line": 5,
          "column": 70
        }
      },
      "3": {
        "start": {
          "line": 7,
          "column": 0
        },
        "end": {
          "line": 7,
          "column": 86
        }
      }
    },
    "fnMap": {},
    "branchMap": {
      "0": {
        "loc": {
          "start": {
            "line": 5,
            "column": 17
          },
          "end": {
            "line": 5,
            "column": 70
          }
        },
        "type": "binary-expr",
        "locations": [
          {
            "start": {
              "line": 5,
              "column": 17
            },
            "end": {
              "line": 5,
              "column": 23
            }
          },
          {
            "start": {
              "line": 5,
              "column": 27
            },
            "end": {
              "line": 5,
              "column": 42
            }
          },
          {
            "start": {
              "line": 5,
              "column": 46
            },
            "end": {
              "line": 5,
              "column": 70
            }
          }
        ],
        "line": 5
      },
      "1": {
        "loc": {
          "start": {
            "line": 7,
            "column": 6
          },
          "end": {
            "line": 7,
            "column": 85
          }
        },
        "type": "binary-expr",
        "locations": [
          {
            "start": {
              "line": 7,
              "column": 6
            },
            "end": {
              "line": 7,
              "column": 36
            }
          },
          {
            "start": {
              "line": 7,
              "column": 40
            },
            "end": {
              "line": 7,
              "column": 85
            }
          }
        ],
        "line": 7
      }
    },
    "s": {
      "0": 2,
      "1": 2,
      "2": 2,
      "3": 2
    },
    "f": {},
    "b": {
      "0": [
        2,
        2,
        2
      ],
      "1": [
        2,
        0
      ]
    },
    "_coverageSchema": "43e27e138ebf9cfc5966b082cf9a028302ed4184",
    "hash": "d78e6fa0c74cf9167e36cd6073d2f9064026e688"
  },
  "C:\\Dronfies\\Dev\\uss\\ades\\src\\state\\AdesState.js": {
    "path": "C:\\Dronfies\\Dev\\uss\\ades\\src\\state\\AdesState.js",
    "statementMap": {
      "0": {
        "start": {
          "line": 16,
          "column": 14
        },
        "end": {
          "line": 22,
          "column": 2
        }
      },
      "1": {
        "start": {
          "line": 24,
          "column": 21
        },
        "end": {
          "line": 42,
          "column": 1
        }
      },
      "2": {
        "start": {
          "line": 45,
          "column": 26
        },
        "end": {
          "line": 47,
          "column": 1
        }
      },
      "3": {
        "start": {
          "line": 46,
          "column": 1
        },
        "end": {
          "line": 46,
          "column": 13
        }
      },
      "4": {
        "start": {
          "line": 49,
          "column": 27
        },
        "end": {
          "line": 62,
          "column": 1
        }
      },
      "5": {
        "start": {
          "line": 51,
          "column": 1
        },
        "end": {
          "line": 61,
          "column": 3
        }
      },
      "6": {
        "start": {
          "line": 54,
          "column": 24
        },
        "end": {
          "line": 56,
          "column": 5
        }
      },
      "7": {
        "start": {
          "line": 55,
          "column": 5
        },
        "end": {
          "line": 55,
          "column": 42
        }
      },
      "8": {
        "start": {
          "line": 55,
          "column": 25
        },
        "end": {
          "line": 55,
          "column": 41
        }
      },
      "9": {
        "start": {
          "line": 57,
          "column": 31
        },
        "end": {
          "line": 57,
          "column": 88
        }
      },
      "10": {
        "start": {
          "line": 58,
          "column": 4
        },
        "end": {
          "line": 58,
          "column": 64
        }
      },
      "11": {
        "start": {
          "line": 63,
          "column": 24
        },
        "end": {
          "line": 63,
          "column": 35
        }
      },
      "12": {
        "start": {
          "line": 67,
          "column": 15
        },
        "end": {
          "line": 69,
          "column": 2
        }
      },
      "13": {
        "start": {
          "line": 71,
          "column": 19
        },
        "end": {
          "line": 71,
          "column": 30
        }
      },
      "14": {
        "start": {
          "line": 72,
          "column": 20
        },
        "end": {
          "line": 89,
          "column": 1
        }
      },
      "15": {
        "start": {
          "line": 73,
          "column": 1
        },
        "end": {
          "line": 77,
          "column": 4
        }
      },
      "16": {
        "start": {
          "line": 74,
          "column": 16
        },
        "end": {
          "line": 74,
          "column": 25
        }
      },
      "17": {
        "start": {
          "line": 76,
          "column": 2
        },
        "end": {
          "line": 76,
          "column": 35
        }
      },
      "18": {
        "start": {
          "line": 80,
          "column": 1
        },
        "end": {
          "line": 88,
          "column": 2
        }
      },
      "19": {
        "start": {
          "line": 82,
          "column": 2
        },
        "end": {
          "line": 87,
          "column": 5
        }
      },
      "20": {
        "start": {
          "line": 84,
          "column": 20
        },
        "end": {
          "line": 84,
          "column": 98
        }
      },
      "21": {
        "start": {
          "line": 85,
          "column": 20
        },
        "end": {
          "line": 85,
          "column": 98
        }
      },
      "22": {
        "start": {
          "line": 86,
          "column": 3
        },
        "end": {
          "line": 86,
          "column": 52
        }
      },
      "23": {
        "start": {
          "line": 93,
          "column": 1
        },
        "end": {
          "line": 107,
          "column": 5
        }
      },
      "24": {
        "start": {
          "line": 97,
          "column": 24
        },
        "end": {
          "line": 97,
          "column": 40
        }
      },
      "25": {
        "start": {
          "line": 98,
          "column": 17
        },
        "end": {
          "line": 103,
          "column": 6
        }
      },
      "26": {
        "start": {
          "line": 99,
          "column": 4
        },
        "end": {
          "line": 99,
          "column": 95
        }
      },
      "27": {
        "start": {
          "line": 104,
          "column": 22
        },
        "end": {
          "line": 104,
          "column": 40
        }
      },
      "28": {
        "start": {
          "line": 105,
          "column": 3
        },
        "end": {
          "line": 105,
          "column": 83
        }
      },
      "29": {
        "start": {
          "line": 106,
          "column": 3
        },
        "end": {
          "line": 106,
          "column": 13
        }
      },
      "30": {
        "start": {
          "line": 111,
          "column": 16
        },
        "end": {
          "line": 195,
          "column": 1
        }
      },
      "31": {
        "start": {
          "line": 114,
          "column": 20
        },
        "end": {
          "line": 117,
          "column": 5
        }
      },
      "32": {
        "start": {
          "line": 118,
          "column": 3
        },
        "end": {
          "line": 127,
          "column": 7
        }
      },
      "33": {
        "start": {
          "line": 120,
          "column": 19
        },
        "end": {
          "line": 120,
          "column": 30
        }
      },
      "34": {
        "start": {
          "line": 121,
          "column": 5
        },
        "end": {
          "line": 121,
          "column": 96
        }
      },
      "35": {
        "start": {
          "line": 122,
          "column": 5
        },
        "end": {
          "line": 122,
          "column": 28
        }
      },
      "36": {
        "start": {
          "line": 125,
          "column": 5
        },
        "end": {
          "line": 125,
          "column": 48
        }
      },
      "37": {
        "start": {
          "line": 126,
          "column": 5
        },
        "end": {
          "line": 126,
          "column": 75
        }
      },
      "38": {
        "start": {
          "line": 131,
          "column": 3
        },
        "end": {
          "line": 140,
          "column": 7
        }
      },
      "39": {
        "start": {
          "line": 133,
          "column": 5
        },
        "end": {
          "line": 133,
          "column": 103
        }
      },
      "40": {
        "start": {
          "line": 134,
          "column": 5
        },
        "end": {
          "line": 134,
          "column": 37
        }
      },
      "41": {
        "start": {
          "line": 137,
          "column": 5
        },
        "end": {
          "line": 137,
          "column": 48
        }
      },
      "42": {
        "start": {
          "line": 138,
          "column": 5
        },
        "end": {
          "line": 138,
          "column": 34
        }
      },
      "43": {
        "start": {
          "line": 139,
          "column": 5
        },
        "end": {
          "line": 139,
          "column": 38
        }
      },
      "44": {
        "start": {
          "line": 143,
          "column": 3
        },
        "end": {
          "line": 143,
          "column": 32
        }
      },
      "45": {
        "start": {
          "line": 148,
          "column": 3
        },
        "end": {
          "line": 148,
          "column": 24
        }
      },
      "46": {
        "start": {
          "line": 149,
          "column": 3
        },
        "end": {
          "line": 151,
          "column": 70
        }
      },
      "47": {
        "start": {
          "line": 150,
          "column": 20
        },
        "end": {
          "line": 150,
          "column": 57
        }
      },
      "48": {
        "start": {
          "line": 151,
          "column": 20
        },
        "end": {
          "line": 151,
          "column": 68
        }
      },
      "49": {
        "start": {
          "line": 154,
          "column": 3
        },
        "end": {
          "line": 162,
          "column": 7
        }
      },
      "50": {
        "start": {
          "line": 156,
          "column": 5
        },
        "end": {
          "line": 156,
          "column": 39
        }
      },
      "51": {
        "start": {
          "line": 157,
          "column": 5
        },
        "end": {
          "line": 157,
          "column": 28
        }
      },
      "52": {
        "start": {
          "line": 160,
          "column": 5
        },
        "end": {
          "line": 160,
          "column": 52
        }
      },
      "53": {
        "start": {
          "line": 161,
          "column": 5
        },
        "end": {
          "line": 161,
          "column": 75
        }
      },
      "54": {
        "start": {
          "line": 167,
          "column": 3
        },
        "end": {
          "line": 186,
          "column": 7
        }
      },
      "55": {
        "start": {
          "line": 170,
          "column": 20
        },
        "end": {
          "line": 170,
          "column": 43
        }
      },
      "56": {
        "start": {
          "line": 171,
          "column": 28
        },
        "end": {
          "line": 172,
          "column": 90
        }
      },
      "57": {
        "start": {
          "line": 173,
          "column": 24
        },
        "end": {
          "line": 173,
          "column": 59
        }
      },
      "58": {
        "start": {
          "line": 174,
          "column": 26
        },
        "end": {
          "line": 174,
          "column": 60
        }
      },
      "59": {
        "start": {
          "line": 175,
          "column": 5
        },
        "end": {
          "line": 184,
          "column": 10
        }
      },
      "60": {
        "start": {
          "line": 185,
          "column": 5
        },
        "end": {
          "line": 185,
          "column": 15
        }
      },
      "61": {
        "start": {
          "line": 192,
          "column": 3
        },
        "end": {
          "line": 192,
          "column": 50
        }
      },
      "62": {
        "start": {
          "line": 200,
          "column": 35
        },
        "end": {
          "line": 202,
          "column": 1
        }
      },
      "63": {
        "start": {
          "line": 201,
          "column": 1
        },
        "end": {
          "line": 201,
          "column": 47
        }
      },
      "64": {
        "start": {
          "line": 206,
          "column": 32
        },
        "end": {
          "line": 210,
          "column": 1
        }
      },
      "65": {
        "start": {
          "line": 206,
          "column": 42
        },
        "end": {
          "line": 210,
          "column": 1
        }
      },
      "66": {
        "start": {
          "line": 209,
          "column": 1
        },
        "end": {
          "line": 209,
          "column": 66
        }
      },
      "67": {
        "start": {
          "line": 209,
          "column": 26
        },
        "end": {
          "line": 209,
          "column": 51
        }
      },
      "68": {
        "start": {
          "line": 212,
          "column": 30
        },
        "end": {
          "line": 215,
          "column": 1
        }
      },
      "69": {
        "start": {
          "line": 212,
          "column": 37
        },
        "end": {
          "line": 215,
          "column": 1
        }
      },
      "70": {
        "start": {
          "line": 214,
          "column": 1
        },
        "end": {
          "line": 214,
          "column": 61
        }
      },
      "71": {
        "start": {
          "line": 214,
          "column": 25
        },
        "end": {
          "line": 214,
          "column": 46
        }
      },
      "72": {
        "start": {
          "line": 217,
          "column": 21
        },
        "end": {
          "line": 217,
          "column": 74
        }
      }
    },
    "fnMap": {
      "0": {
        "name": "(anonymous_0)",
        "decl": {
          "start": {
            "line": 45,
            "column": 26
          },
          "end": {
            "line": 45,
            "column": 27
          }
        },
        "loc": {
          "start": {
            "line": 45,
            "column": 34
          },
          "end": {
            "line": 47,
            "column": 1
          }
        },
        "line": 45
      },
      "1": {
        "name": "(anonymous_1)",
        "decl": {
          "start": {
            "line": 49,
            "column": 27
          },
          "end": {
            "line": 49,
            "column": 28
          }
        },
        "loc": {
          "start": {
            "line": 49,
            "column": 35
          },
          "end": {
            "line": 62,
            "column": 1
          }
        },
        "line": 49
      },
      "2": {
        "name": "(anonymous_2)",
        "decl": {
          "start": {
            "line": 53,
            "column": 3
          },
          "end": {
            "line": 53,
            "column": 4
          }
        },
        "loc": {
          "start": {
            "line": 53,
            "column": 15
          },
          "end": {
            "line": 59,
            "column": 4
          }
        },
        "line": 53
      },
      "3": {
        "name": "(anonymous_3)",
        "decl": {
          "start": {
            "line": 54,
            "column": 67
          },
          "end": {
            "line": 54,
            "column": 68
          }
        },
        "loc": {
          "start": {
            "line": 55,
            "column": 5
          },
          "end": {
            "line": 55,
            "column": 42
          }
        },
        "line": 55
      },
      "4": {
        "name": "(anonymous_4)",
        "decl": {
          "start": {
            "line": 55,
            "column": 16
          },
          "end": {
            "line": 55,
            "column": 17
          }
        },
        "loc": {
          "start": {
            "line": 55,
            "column": 25
          },
          "end": {
            "line": 55,
            "column": 41
          }
        },
        "line": 55
      },
      "5": {
        "name": "(anonymous_5)",
        "decl": {
          "start": {
            "line": 72,
            "column": 20
          },
          "end": {
            "line": 72,
            "column": 21
          }
        },
        "loc": {
          "start": {
            "line": 72,
            "column": 31
          },
          "end": {
            "line": 89,
            "column": 1
          }
        },
        "line": 72
      },
      "6": {
        "name": "(anonymous_6)",
        "decl": {
          "start": {
            "line": 73,
            "column": 27
          },
          "end": {
            "line": 73,
            "column": 28
          }
        },
        "loc": {
          "start": {
            "line": 73,
            "column": 43
          },
          "end": {
            "line": 77,
            "column": 2
          }
        },
        "line": 73
      },
      "7": {
        "name": "(anonymous_7)",
        "decl": {
          "start": {
            "line": 82,
            "column": 43
          },
          "end": {
            "line": 82,
            "column": 44
          }
        },
        "loc": {
          "start": {
            "line": 82,
            "column": 57
          },
          "end": {
            "line": 87,
            "column": 3
          }
        },
        "line": 82
      },
      "8": {
        "name": "addOperations",
        "decl": {
          "start": {
            "line": 92,
            "column": 9
          },
          "end": {
            "line": 92,
            "column": 22
          }
        },
        "loc": {
          "start": {
            "line": 92,
            "column": 36
          },
          "end": {
            "line": 108,
            "column": 1
          }
        },
        "line": 92
      },
      "9": {
        "name": "(anonymous_9)",
        "decl": {
          "start": {
            "line": 95,
            "column": 8
          },
          "end": {
            "line": 95,
            "column": 9
          }
        },
        "loc": {
          "start": {
            "line": 95,
            "column": 27
          },
          "end": {
            "line": 107,
            "column": 3
          }
        },
        "line": 95
      },
      "10": {
        "name": "(anonymous_10)",
        "decl": {
          "start": {
            "line": 98,
            "column": 42
          },
          "end": {
            "line": 98,
            "column": 43
          }
        },
        "loc": {
          "start": {
            "line": 98,
            "column": 50
          },
          "end": {
            "line": 103,
            "column": 4
          }
        },
        "line": 98
      },
      "11": {
        "name": "(anonymous_11)",
        "decl": {
          "start": {
            "line": 113,
            "column": 9
          },
          "end": {
            "line": 113,
            "column": 10
          }
        },
        "loc": {
          "start": {
            "line": 113,
            "column": 65
          },
          "end": {
            "line": 128,
            "column": 3
          }
        },
        "line": 113
      },
      "12": {
        "name": "(anonymous_12)",
        "decl": {
          "start": {
            "line": 119,
            "column": 10
          },
          "end": {
            "line": 119,
            "column": 11
          }
        },
        "loc": {
          "start": {
            "line": 119,
            "column": 20
          },
          "end": {
            "line": 123,
            "column": 5
          }
        },
        "line": 119
      },
      "13": {
        "name": "(anonymous_13)",
        "decl": {
          "start": {
            "line": 124,
            "column": 11
          },
          "end": {
            "line": 124,
            "column": 12
          }
        },
        "loc": {
          "start": {
            "line": 124,
            "column": 20
          },
          "end": {
            "line": 127,
            "column": 5
          }
        },
        "line": 124
      },
      "14": {
        "name": "(anonymous_14)",
        "decl": {
          "start": {
            "line": 130,
            "column": 8
          },
          "end": {
            "line": 130,
            "column": 9
          }
        },
        "loc": {
          "start": {
            "line": 130,
            "column": 63
          },
          "end": {
            "line": 141,
            "column": 3
          }
        },
        "line": 130
      },
      "15": {
        "name": "(anonymous_15)",
        "decl": {
          "start": {
            "line": 132,
            "column": 10
          },
          "end": {
            "line": 132,
            "column": 11
          }
        },
        "loc": {
          "start": {
            "line": 132,
            "column": 20
          },
          "end": {
            "line": 135,
            "column": 5
          }
        },
        "line": 132
      },
      "16": {
        "name": "(anonymous_16)",
        "decl": {
          "start": {
            "line": 136,
            "column": 11
          },
          "end": {
            "line": 136,
            "column": 12
          }
        },
        "loc": {
          "start": {
            "line": 136,
            "column": 20
          },
          "end": {
[...]
            "line": 23,
            "column": 16
          },
          "end": {
            "line": 23,
            "column": 24
          }
        },
        "loc": {
          "start": {
            "line": 23,
            "column": 33
          },
          "end": {
            "line": 55,
            "column": 1
          }
        },
        "line": 23
      },
      "1": {
        "name": "(anonymous_1)",
        "decl": {
          "start": {
            "line": 34,
            "column": 34
          },
          "end": {
            "line": 34,
            "column": 35
          }
        },
        "loc": {
          "start": {
            "line": 34,
            "column": 40
          },
          "end": {
            "line": 53,
            "column": 3
          }
        },
        "line": 34
      },
      "2": {
        "name": "(anonymous_2)",
        "decl": {
          "start": {
            "line": 43,
            "column": 39
          },
          "end": {
            "line": 43,
            "column": 40
          }
        },
        "loc": {
          "start": {
            "line": 43,
            "column": 45
          },
          "end": {
            "line": 48,
            "column": 5
          }
        },
        "line": 43
      },
      "3": {
        "name": "registerValidSW",
        "decl": {
          "start": {
            "line": 57,
            "column": 9
          },
          "end": {
            "line": 57,
            "column": 24
          }
        },
        "loc": {
          "start": {
            "line": 57,
            "column": 40
          },
          "end": {
            "line": 99,
            "column": 1
          }
        },
        "line": 57
      },
      "4": {
        "name": "(anonymous_4)",
        "decl": {
          "start": {
            "line": 60,
            "column": 8
          },
          "end": {
            "line": 60,
            "column": 9
          }
        },
        "loc": {
          "start": {
            "line": 60,
            "column": 24
          },
          "end": {
            "line": 95,
            "column": 3
          }
        },
        "line": 60
      },
      "5": {
        "name": "(anonymous_5)",
        "decl": {
          "start": {
            "line": 61,
            "column": 32
          },
          "end": {
            "line": 61,
            "column": 33
          }
        },
        "loc": {
          "start": {
            "line": 61,
            "column": 38
          },
          "end": {
            "line": 94,
            "column": 4
          }
        },
        "line": 61
      },
      "6": {
        "name": "(anonymous_6)",
        "decl": {
          "start": {
            "line": 66,
            "column": 37
          },
          "end": {
            "line": 66,
            "column": 38
          }
        },
        "loc": {
          "start": {
            "line": 66,
            "column": 43
          },
          "end": {
            "line": 93,
            "column": 5
          }
        },
        "line": 66
      },
      "7": {
        "name": "(anonymous_7)",
        "decl": {
          "start": {
            "line": 96,
            "column": 9
          },
          "end": {
            "line": 96,
            "column": 10
          }
        },
        "loc": {
          "start": {
            "line": 96,
            "column": 18
          },
          "end": {
            "line": 98,
            "column": 3
          }
        },
        "line": 96
      },
      "8": {
        "name": "checkValidServiceWorker",
        "decl": {
          "start": {
            "line": 101,
            "column": 9
          },
          "end": {
            "line": 101,
            "column": 32
          }
        },
        "loc": {
          "start": {
            "line": 101,
            "column": 48
          },
          "end": {
            "line": 129,
            "column": 1
          }
        },
        "line": 101
      },
      "9": {
        "name": "(anonymous_9)",
        "decl": {
          "start": {
            "line": 106,
            "column": 8
          },
          "end": {
            "line": 106,
            "column": 9
          }
        },
        "loc": {
          "start": {
            "line": 106,
            "column": 20
          },
          "end": {
            "line": 123,
            "column": 3
          }
        },
        "line": 106
      },
      "10": {
        "name": "(anonymous_10)",
        "decl": {
          "start": {
            "line": 114,
            "column": 39
          },
          "end": {
            "line": 114,
            "column": 40
          }
        },
        "loc": {
          "start": {
            "line": 114,
            "column": 55
          },
          "end": {
            "line": 118,
            "column": 5
          }
        },
        "line": 114
      },
      "11": {
        "name": "(anonymous_11)",
        "decl": {
          "start": {
            "line": 115,
            "column": 36
          },
          "end": {
            "line": 115,
            "column": 37
          }
        },
        "loc": {
          "start": {
            "line": 115,
            "column": 42
          },
          "end": {
            "line": 117,
            "column": 6
          }
        },
        "line": 115
      },
      "12": {
        "name": "(anonymous_12)",
        "decl": {
          "start": {
            "line": 124,
            "column": 9
          },
          "end": {
            "line": 124,
            "column": 10
          }
        },
        "loc": {
          "start": {
            "line": 124,
            "column": 15
          },
          "end": {
            "line": 128,
            "column": 3
          }
        },
        "line": 124
      },
      "13": {
        "name": "unregister",
        "decl": {
          "start": {
            "line": 131,
            "column": 16
          },
          "end": {
            "line": 131,
            "column": 26
          }
        },
        "loc": {
          "start": {
            "line": 131,
            "column": 29
          },
          "end": {
            "line": 137,
            "column": 1
          }
        },
        "line": 131
      },
      "14": {
        "name": "(anonymous_14)",
        "decl": {
          "start": {
            "line": 133,
            "column": 37
          },
          "end": {
            "line": 133,
            "column": 38
          }
        },
        "loc": {
          "start": {
            "line": 133,
            "column": 53
          },
          "end": {
            "line": 135,
            "column": 3
          }
        },
        "line": 133
      }
    },
    "branchMap": {
      "0": {
        "loc": {
          "start": {
            "line": 14,
            "column": 1
          },
          "end": {
            "line": 20,
            "column": 5
          }
        },
        "type": "binary-expr",
        "locations": [
          {
            "start": {
              "line": 14,
              "column": 1
            },
            "end": {
              "line": 14,
              "column": 41
            }
          },
          {
            "start": {
              "line": 16,
              "column": 4
            },
            "end": {
              "line": 16,
              "column": 40
            }
          },
          {
            "start": {
              "line": 18,
              "column": 4
            },
            "end": {
              "line": 20,
              "column": 5
            }
          }
        ],
        "line": 14
      },
      "1": {
        "loc": {
          "start": {
            "line": 24,
            "column": 1
          },
          "end": {
            "line": 54,
            "column": 2
          }
        },
        "type": "if",
        "locations": [
          {
            "start": {
              "line": 24,
              "column": 1
            },
            "end": {
              "line": 54,
              "column": 2
            }
          },
          {
            "start": {
              "line": 24,
              "column": 1
            },
            "end": {
              "line": 54,
              "column": 2
            }
          }
        ],
        "line": 24
      },
      "2": {
        "loc": {
          "start": {
            "line": 24,
            "column": 5
          },
          "end": {
            "line": 24,
            "column": 74
          }
        },
        "type": "binary-expr",
        "locations": [
          {
            "start": {
              "line": 24,
              "column": 5
            },
            "end": {
              "line": 24,
              "column": 42
            }
          },
          {
            "start": {
              "line": 24,
              "column": 46
            },
            "end": {
              "line": 24,
              "column": 74
            }
          }
        ],
        "line": 24
      },
      "3": {
        "loc": {
          "start": {
            "line": 27,
            "column": 2
          },
          "end": {
            "line": 32,
            "column": 3
          }
        },
        "type": "if",
        "locations": [
          {
            "start": {
              "line": 27,
              "column": 2
            },
            "end": {
              "line": 32,
              "column": 3
            }
          },
          {
            "start": {
              "line": 27,
              "column": 2
            },
            "end": {
              "line": 32,
              "column": 3
            }
          }
        ],
        "line": 27
      },
      "4": {
        "loc": {
          "start": {
            "line": 37,
            "column": 3
          },
          "end": {
            "line": 52,
            "column": 4
          }
        },
        "type": "if",
        "locations": [
          {
            "start": {
              "line": 37,
              "column": 3
            },
            "end": {
              "line": 52,
              "column": 4
            }
          },
          {
            "start": {
              "line": 37,
              "column": 3
            },
            "end": {
              "line": 52,
              "column": 4
            }
          }
        ],
        "line": 37
      },
      "5": {
        "loc": {
          "start": {
            "line": 63,
            "column": 4
          },
          "end": {
            "line": 65,
            "column": 5
          }
        },
        "type": "if",
        "locations": [
          {
            "start": {
              "line": 63,
              "column": 4
            },
            "end": {
              "line": 65,
              "column": 5
            }
          },
          {
            "start": {
              "line": 63,
              "column": 4
            },
            "end": {
              "line": 65,
              "column": 5
            }
          }
        ],
        "line": 63
      },
      "6": {
        "loc": {
          "start": {
            "line": 67,
            "column": 5
          },
          "end": {
            "line": 92,
            "column": 6
          }
        },
        "type": "if",
        "locations": [
          {
            "start": {
              "line": 67,
              "column": 5
            },
            "end": {
              "line": 92,
              "column": 6
            }
          },
          {
            "start": {
              "line": 67,
              "column": 5
            },
            "end": {
              "line": 92,
              "column": 6
            }
          }
        ],
        "line": 67
      },
      "7": {
        "loc": {
          "start": {
            "line": 68,
            "column": 6
          },
          "end": {
            "line": 91,
            "column": 7
          }
        },
        "type": "if",
        "locations": [
          {
            "start": {
              "line": 68,
              "column": 6
            },
            "end": {
              "line": 91,
              "column": 7
            }
          },
          {
            "start": {
              "line": 68,
              "column": 6
            },
            "end": {
              "line": 91,
              "column": 7
            }
          }
        ],
        "line": 68
      },
      "8": {
        "loc": {
          "start": {
            "line": 78,
            "column": 7
          },
          "end": {
            "line": 80,
            "column": 8
          }
        },
        "type": "if",
        "locations": [
          {
            "start": {
              "line": 78,
              "column": 7
            },
            "end": {
              "line": 80,
              "column": 8
            }
          },
          {
            "start": {
              "line": 78,
              "column": 7
            },
            "end": {
              "line": 80,
              "column": 8
            }
          }
        ],
        "line": 78
      },
      "9": {
        "loc": {
          "start": {
            "line": 78,
            "column": 11
          },
          "end": {
            "line": 78,
            "column": 36
          }
        },
        "type": "binary-expr",
        "locations": [
          {
            "start": {
              "line": 78,
              "column": 11
            },
            "end": {
              "line": 78,
              "column": 17
            }
          },
          {
            "start": {
              "line": 78,
              "column": 21
            },
            "end": {
              "line": 78,
              "column": 36
            }
          }
        ],
        "line": 78
      },
      "10": {
        "loc": {
          "start": {
            "line": 88,
            "column": 7
          },
          "end": {
            "line": 90,
            "column": 8
          }
        },
        "type": "if",
        "locations": [
          {
            "start": {
              "line": 88,
              "column": 7
            },
            "end": {
              "line": 90,
              "column": 8
            }
          },
          {
            "start": {
              "line": 88,
              "column": 7
            },
            "end": {
              "line": 90,
              "column": 8
            }
          }
        ],
        "line": 88
      },
      "11": {
        "loc": {
          "start": {
            "line": 88,
            "column": 11
          },
          "end": {
            "line": 88,
            "column": 37
          }
        },
        "type": "binary-expr",
        "locations": [
          {
            "start": {
              "line": 88,
              "column": 11
            },
            "end": {
              "line": 88,
              "column": 17
            }
          },
          {
            "start": {
              "line": 88,
              "column": 21
            },
            "end": {
              "line": 88,
              "column": 37
            }
          }
        ],
        "line": 88
      },
      "12": {
        "loc": {
          "start": {
            "line": 109,
            "column": 3
          },
          "end": {
            "line": 122,
            "column": 4
          }
        },
        "type": "if",
        "locations": [
          {
            "start": {
              "line": 109,
              "column": 3
            },
            "end": {
              "line": 122,
              "column": 4
            }
          },
          {
            "start": {
              "line": 109,
              "column": 3
            },
            "end": {
              "line": 122,
              "column": 4
            }
          }
        ],
        "line": 109
      },
      "13": {
        "loc": {
          "start": {
            "line": 110,
            "column": 4
          },
          "end": {
            "line": 111,
            "column": 73
          }
        },
        "type": "binary-expr",
        "locations": [
          {
            "start": {
              "line": 110,
              "column": 4
            },
            "end": {
              "line": 110,
              "column": 27
            }
          },
          {
            "start": {
              "line": 111,
              "column": 9
            },
            "end": {
              "line": 111,
              "column": 28
            }
          },
          {
            "start": {
              "line": 111,
              "column": 32
            },
            "end": {
              "line": 111,
              "column": 72
            }
          }
        ],
        "line": 110
      },
      "14": {
        "loc": {
          "start": {
            "line": 132,
            "column": 1
          },
          "end": {
            "line": 136,
            "column": 2
          }
        },
        "type": "if",
        "locations": [
          {
            "start": {
              "line": 132,
              "column": 1
            },
            "end": {
              "line": 136,
              "column": 2
            }
          },
          {
            "start": {
              "line": 132,
              "column": 1
            },
            "end": {
              "line": 136,
              "column": 2
            }
          }
        ],
        "line": 132
      }
    },
    "s": {
      "0": 2,
      "1": 0,
      "2": 0,
      "3": 0,
      "4": 0,
      "5": 0,
      "6": 0,
      "7": 0,
      "8": 0,
      "9": 0,
      "10": 0,
      "11": 0,
      "12": 0,
      "13": 0,
      "14": 0,
      "15": 0,
      "16": 0,
      "17": 0,
      "18": 0,
      "19": 0,
      "20": 0,
      "21": 0,
      "22": 0,
      "23": 0,
      "24": 0,
      "25": 0,
      "26": 0,
      "27": 0,
      "28": 0,
      "29": 0,
      "30": 0,
      "31": 0,
      "32": 0,
      "33": 0,
      "34": 2,
      "35": 2,
      "36": 0
    },
    "f": {
      "0": 0,
      "1": 0,
      "2": 0,
      "3": 0,
      "4": 0,
      "5": 0,
      "6": 0,
      "7": 0,
      "8": 0,
      "9": 0,
      "10": 0,
      "11": 0,
      "12": 0,
      "13": 2,
      "14": 0
    },
    "b": {
      "0": [
        2,
        0,
        0
      ],
      "1": [
        0,
        0
      ],
      "2": [
        0,
        0
      ],
      "3": [
        0,
        0
      ],
      "4": [
        0,
        0
      ],
      "5": [
        0,
        0
      ],
      "6": [
        0,
        0
      ],
      "7": [
        0,
        0
      ],
      "8": [
        0,
        0
      ],
      "9": [
        0,
        0
      ],
      "10": [
        0,
        0
      ],
      "11": [
        0,
        0
      ],
      "12": [
        0,
        0
      ],
      "13": [
        0,
        0,
        0
      ],
      "14": [
        2,
        0
      ]
    },
    "_coverageSchema": "43e27e138ebf9cfc5966b082cf9a028302ed4184",
    "hash": "d360f6ec51685edfa1c437afc0b4d7bb32525b87"
  },
  "C:\\Dronfies\\Dev\\uss\\ades\\src\\index.js": {
    "path": "C:\\Dronfies\\Dev\\uss\\ades\\src\\index.js",
    "statementMap": {
      "0": {
        "start": {
          "line": 11,
          "column": 0
        },
        "end": {
          "line": 16,
          "column": 2
        }
      },
      "1": {
        "start": {
          "line": 21,
          "column": 0
        },
        "end": {
          "line": 21,
          "column": 27
        }
      }
    },
    "fnMap": {},
    "branchMap": {},
    "s": {
      "0": 2,
      "1": 2
    },
    "f": {},
    "b": {},
    "_coverageSchema": "43e27e138ebf9cfc5966b082cf9a028302ed4184",
    "hash": "ee454d89f890361582049c9c085dc49375c7ad90"
  }
}